# JRE version: OpenJDK Runtime Environment (8.0_112-b06) (build 1.8.0_112-release-b06)
# Java VM: OpenJDK 64-Bit Server VM (25.112-b06 mixed mode windows-amd64 compressed oops)
Heap:
 PSYoungGen      total 351232K, used 32326K [0x00000000e0000000, 0x00000000ff100000, 0x0000000100000000)
  eden space 203776K, 0% used [0x00000000e0000000,0x00000000e0000000,0x00000000ec700000)
  from space 147456K, 21% used [0x00000000f6100000,0x00000000f8091af8,0x00000000ff100000)
  to   space 152576K, 0% used [0x00000000ec700000,0x00000000ec700000,0x00000000f5c00000)
 ParOldGen       total 503296K, used 438843K [0x00000000a0000000, 0x00000000beb80000, 0x00000000e0000000)
  object space 503296K, 87% used [0x00000000a0000000,0x00000000bac8ec38,0x00000000beb80000)
 Metaspace       used 76617K, capacity 80018K, committed 80256K, reserved 1120256K
  class space    used 9409K, capacity 10030K, committed 10112K, reserved 1048576K
GC Heap History (10 events):
Event: 1005.574 GC heap after
Heap after GC invocations=147 (full 15):
 PSYoungGen      total 336384K, used 51129K [0x00000000e0000000, 0x00000000ff300000, 0x0000000100000000)
  eden space 175104K, 0% used [0x00000000e0000000,0x00000000e0000000,0x00000000eab00000)
  from space 161280K, 31% used [0x00000000f5580000,0x00000000f876e460,0x00000000ff300000)
  to   space 167936K, 0% used [0x00000000eab00000,0x00000000eab00000,0x00000000f4f00000)
 ParOldGen       total 503296K, used 308689K [0x00000000a0000000, 0x00000000beb80000, 0x00000000e0000000)
  object space 503296K, 61% used [0x00000000a0000000,0x00000000b2d74680,0x00000000beb80000)
 Metaspace       used 76617K, capacity 80018K, committed 80256K, reserved 1120256K
  class space    used 9409K, capacity 10030K, committed 10112K, reserved 1048576K
}
Event: 1005.652 GC heap before
{Heap before GC invocations=148 (full 15):
 PSYoungGen      total 336384K, used 226233K [0x00000000e0000000, 0x00000000ff300000, 0x0000000100000000)
  eden space 175104K, 100% used [0x00000000e0000000,0x00000000eab00000,0x00000000eab00000)
  from space 161280K, 31% used [0x00000000f5580000,0x00000000f876e460,0x00000000ff300000)
  to   space 167936K, 0% used [0x00000000eab00000,0x00000000eab00000,0x00000000f4f00000)
 ParOldGen       total 503296K, used 308689K [0x00000000a0000000, 0x00000000beb80000, 0x00000000e0000000)
  object space 503296K, 61% used [0x00000000a0000000,0x00000000b2d74680,0x00000000beb80000)
 Metaspace       used 76617K, capacity 80018K, committed 80256K, reserved 1120256K
  class space    used 9409K, capacity 10030K, committed 10112K, reserved 1048576K
Event: 1005.706 GC heap after
Heap after GC invocations=148 (full 15):
 PSYoungGen      total 343040K, used 26011K [0x00000000e0000000, 0x0000000100000000, 0x0000000100000000)
  eden space 175104K, 0% used [0x00000000e0000000,0x00000000e0000000,0x00000000eab00000)
  from space 167936K, 15% used [0x00000000eab00000,0x00000000ec466f08,0x00000000f4f00000)
  to   space 165888K, 0% used [0x00000000f5e00000,0x00000000f5e00000,0x0000000100000000)
 ParOldGen       total 503296K, used 358503K [0x00000000a0000000, 0x00000000beb80000, 0x00000000e0000000)
  object space 503296K, 71% used [0x00000000a0000000,0x00000000b5e19d98,0x00000000beb80000)
 Metaspace       used 76617K, capacity 80018K, committed 80256K, reserved 1120256K
  class space    used 9409K, capacity 10030K, committed 10112K, reserved 1048576K
}
Event: 1005.785 GC heap before
{Heap before GC invocations=149 (full 15):
 PSYoungGen      total 343040K, used 201115K [0x00000000e0000000, 0x0000000100000000, 0x0000000100000000)
  eden space 175104K, 100% used [0x00000000e0000000,0x00000000eab00000,0x00000000eab00000)
  from space 167936K, 15% used [0x00000000eab00000,0x00000000ec466f08,0x00000000f4f00000)
  to   space 165888K, 0% used [0x00000000f5e00000,0x00000000f5e00000,0x0000000100000000)
 ParOldGen       total 503296K, used 358503K [0x00000000a0000000, 0x00000000beb80000, 0x00000000e0000000)
  object space 503296K, 71% used [0x00000000a0000000,0x00000000b5e19d98,0x00000000beb80000)
 Metaspace       used 76617K, capacity 80018K, committed 80256K, reserved 1120256K
  class space    used 9409K, capacity 10030K, committed 10112K, reserved 1048576K
Event: 1005.825 GC heap after
Heap after GC invocations=149 (full 15):
 PSYoungGen      total 348160K, used 26431K [0x00000000e0000000, 0x00000000ff800000, 0x0000000100000000)
  eden space 190464K, 0% used [0x00000000e0000000,0x00000000e0000000,0x00000000eba00000)
  from space 157696K, 16% used [0x00000000f5e00000,0x00000000f77cff28,0x00000000ff800000)
  to   space 162816K, 0% used [0x00000000eba00000,0x00000000eba00000,0x00000000f5900000)
 ParOldGen       total 503296K, used 383431K [0x00000000a0000000, 0x00000000beb80000, 0x00000000e0000000)
  object space 503296K, 76% used [0x00000000a0000000,0x00000000b7671ce0,0x00000000beb80000)
 Metaspace       used 76617K, capacity 80018K, committed 80256K, reserved 1120256K
  class space    used 9409K, capacity 10030K, committed 10112K, reserved 1048576K
}
Event: 1005.914 GC heap before
{Heap before GC invocations=150 (full 15):
 PSYoungGen      total 348160K, used 216895K [0x00000000e0000000, 0x00000000ff800000, 0x0000000100000000)
  eden space 190464K, 100% used [0x00000000e0000000,0x00000000eba00000,0x00000000eba00000)
  from space 157696K, 16% used [0x00000000f5e00000,0x00000000f77cff28,0x00000000ff800000)
  to   space 162816K, 0% used [0x00000000eba00000,0x00000000eba00000,0x00000000f5900000)
 ParOldGen       total 503296K, used 383431K [0x00000000a0000000, 0x00000000beb80000, 0x00000000e0000000)
  object space 503296K, 76% used [0x00000000a0000000,0x00000000b7671ce0,0x00000000beb80000)
 Metaspace       used 76617K, capacity 80018K, committed 80256K, reserved 1120256K
  class space    used 9409K, capacity 10030K, committed 10112K, reserved 1048576K
Event: 1005.954 GC heap after
Heap after GC invocations=150 (full 15):
 PSYoungGen      total 353280K, used 31429K [0x00000000e0000000, 0x00000000ffb00000, 0x0000000100000000)
  eden space 190464K, 0% used [0x00000000e0000000,0x00000000e0000000,0x00000000eba00000)
  from space 162816K, 19% used [0x00000000eba00000,0x00000000ed8b1548,0x00000000f5900000)
  to   space 157696K, 0% used [0x00000000f6100000,0x00000000f6100000,0x00000000ffb00000)
 ParOldGen       total 503296K, used 408853K [0x00000000a0000000, 0x00000000beb80000, 0x00000000e0000000)
  object space 503296K, 81% used [0x00000000a0000000,0x00000000b8f456f8,0x00000000beb80000)
 Metaspace       used 76617K, capacity 80018K, committed 80256K, reserved 1120256K
  class space    used 9409K, capacity 10030K, committed 10112K, reserved 1048576K
}
Event: 1006.040 GC heap before
{Heap before GC invocations=151 (full 15):
 PSYoungGen      total 353280K, used 221893K [0x00000000e0000000, 0x00000000ffb00000, 0x0000000100000000)
  eden space 190464K, 100% used [0x00000000e0000000,0x00000000eba00000,0x00000000eba00000)
  from space 162816K, 19% used [0x00000000eba00000,0x00000000ed8b1548,0x00000000f5900000)
  to   space 157696K, 0% used [0x00000000f6100000,0x00000000f6100000,0x00000000ffb00000)
 ParOldGen       total 503296K, used 408853K [0x00000000a0000000, 0x00000000beb80000, 0x00000000e0000000)
  object space 503296K, 81% used [0x00000000a0000000,0x00000000b8f456f8,0x00000000beb80000)
 Metaspace       used 76617K, capacity 80018K, committed 80256K, reserved 1120256K
  class space    used 9409K, capacity 10030K, committed 10112K, reserved 1048576K
Event: 1006.084 GC heap after
Heap after GC invocations=151 (full 15):
 PSYoungGen      total 351232K, used 32326K [0x00000000e0000000, 0x00000000ff100000, 0x0000000100000000)
  eden space 203776K, 0% used [0x00000000e0000000,0x00000000e0000000,0x00000000ec700000)
  from space 147456K, 21% used [0x00000000f6100000,0x00000000f8091af8,0x00000000ff100000)
  to   space 152576K, 0% used [0x00000000ec700000,0x00000000ec700000,0x00000000f5c00000)
 ParOldGen       total 503296K, used 438843K [0x00000000a0000000, 0x00000000beb80000, 0x00000000e0000000)
  object space 503296K, 87% used [0x00000000a0000000,0x00000000bac8ec38,0x00000000beb80000)
 Metaspace       used 76617K, capacity 80018K, committed 80256K, reserved 1120256K
  class space    used 9409K, capacity 10030K, committed 10112K, reserved 1048576K
}
Event: 1006.084 GC heap before
{Heap before GC invocations=152 (full 16):
 PSYoungGen      total 351232K, used 32326K [0x00000000e0000000, 0x00000000ff100000, 0x0000000100000000)
  eden space 203776K, 0% used [0x00000000e0000000,0x00000000e0000000,0x00000000ec700000)
  from space 147456K, 21% used [0x00000000f6100000,0x00000000f8091af8,0x00000000ff100000)
  to   space 152576K, 0% used [0x00000000ec700000,0x00000000ec700000,0x00000000f5c00000)
 ParOldGen       total 503296K, used 438843K [0x00000000a0000000, 0x00000000beb80000, 0x00000000e0000000)
  object space 503296K, 87% used [0x00000000a0000000,0x00000000bac8ec38,0x00000000beb80000)
 Metaspace       used 76617K, capacity 80018K, committed 80256K, reserved 1120256K
  class space    used 9409K, capacity 10030K, committed 10112K, reserved 1048576K

